Build started 9/9/2015 11:34:46 PM.
     1>Project "C:\Users\kerine\Desktop\cs3201\EmptyGeneralTesting\source\CS3201SPA.vcxproj" on node 2 (Build target(s)).
     1>ClCompile:
         C:\Users\kerine\Desktop\VC\bin\CL.exe /c /ZI /nologo /W3 /WX- /sdl /Od /Oy- /D _MBCS /Gm /EHsc /RTC1 /MDd /GS /fp:precise /Zc:wchar_t /Zc:forScope /Zc:inline /Fo"Debug\\" /Fd"Debug\vc140.pdb" /Gd /TP /analyze- /errorReport:prompt AST.cpp TNode.cpp
         TNode.cpp
     1>c1xx : fatal error C1083: Cannot open source file: 'TNode.cpp': No such file or directory
         AST.cpp
     1>c1xx : fatal error C1083: Cannot open source file: 'AST.cpp': No such file or directory
         Generating Code...
     1>Done Building Project "C:\Users\kerine\Desktop\cs3201\EmptyGeneralTesting\source\CS3201SPA.vcxproj" (Build target(s)) -- FAILED.

Build FAILED.

Time Elapsed 00:00:00.39
